Analysis & Synthesis report for partII
Fri Apr 18 19:58:56 2025
Quartus Prime Version 19.1.0 Build 670 09/22/2019 SJ Lite Edition


---------------------
; Table of Contents ;
---------------------
  1. Legal Notice
  2. Analysis & Synthesis Summary
  3. Analysis & Synthesis Settings
  4. Parallel Compilation
  5. Analysis & Synthesis Source Files Read
  6. Analysis & Synthesis Resource Usage Summary
  7. Analysis & Synthesis Resource Utilization by Entity
  8. General Register Statistics
  9. Port Connectivity Checks: "multiplier_4x4:comb_3|full_adder:comb_27"
 10. Port Connectivity Checks: "multiplier_4x4:comb_3|full_adder:comb_19"
 11. Port Connectivity Checks: "multiplier_4x4:comb_3|full_adder:comb_14"
 12. Port Connectivity Checks: "multiplier_4x4:comb_3|full_adder:comb_11"
 13. Post-Synthesis Netlist Statistics for Top Partition
 14. Elapsed Time Per Partition
 15. Analysis & Synthesis Messages



----------------
; Legal Notice ;
----------------
Copyright (C) 2019  Intel Corporation. All rights reserved.
Your use of Intel Corporation's design tools, logic functions 
and other software and tools, and any partner logic 
functions, and any output files from any of the foregoing 
(including device programming or simulation files), and any 
associated documentation or information are expressly subject 
to the terms and conditions of the Intel Program License 
Subscription Agreement, the Intel Quartus Prime License Agreement,
the Intel FPGA IP License Agreement, or other applicable license
agreement, including, without limitation, that your use is for
the sole purpose of programming logic devices manufactured by
Intel and sold by Intel or its authorized distributors.  Please
refer to the applicable agreement for further details, at
https://fpgasoftware.intel.com/eula.



+----------------------------------------------------------------------------------+
; Analysis & Synthesis Summary                                                     ;
+------------------------------------+---------------------------------------------+
; Analysis & Synthesis Status        ; Successful - Fri Apr 18 19:58:56 2025       ;
; Quartus Prime Version              ; 19.1.0 Build 670 09/22/2019 SJ Lite Edition ;
; Revision Name                      ; partII                                      ;
; Top-level Entity Name              ; partII                                      ;
; Family                             ; MAX 10                                      ;
; Total logic elements               ; 60                                          ;
;     Total combinational functions  ; 60                                          ;
;     Dedicated logic registers      ; 0                                           ;
; Total registers                    ; 0                                           ;
; Total pins                         ; 70                                          ;
; Total virtual pins                 ; 0                                           ;
; Total memory bits                  ; 0                                           ;
; Embedded Multiplier 9-bit elements ; 0                                           ;
; Total PLLs                         ; 0                                           ;
; UFM blocks                         ; 0                                           ;
; ADC blocks                         ; 0                                           ;
+------------------------------------+---------------------------------------------+


+------------------------------------------------------------------------------------------------------------+
; Analysis & Synthesis Settings                                                                              ;
+------------------------------------------------------------------+--------------------+--------------------+
; Option                                                           ; Setting            ; Default Value      ;
+------------------------------------------------------------------+--------------------+--------------------+
; Device                                                           ; 10M50DAF484C7G     ;                    ;
; Top-level entity name                                            ; partII             ; partII             ;
; Family name                                                      ; MAX 10 FPGA        ; Cyclone V          ;
; Use smart compilation                                            ; Off                ; Off                ;
; Enable parallel Assembler and Timing Analyzer during compilation ; On                 ; On                 ;
; Enable compact report table                                      ; Off                ; Off                ;
; Restructure Multiplexers                                         ; Auto               ; Auto               ;
; Create Debugging Nodes for IP Cores                              ; Off                ; Off                ;
; Preserve fewer node names                                        ; On                 ; On                 ;
; Intel FPGA IP Evaluation Mode                                    ; Enable             ; Enable             ;
; Verilog Version                                                  ; Verilog_2001       ; Verilog_2001       ;
; VHDL Version                                                     ; VHDL_1993          ; VHDL_1993          ;
; State Machine Processing                                         ; Auto               ; Auto               ;
; Safe State Machine                                               ; Off                ; Off                ;
; Extract Verilog State Machines                                   ; On                 ; On                 ;
; Extract VHDL State Machines                                      ; On                 ; On                 ;
; Ignore Verilog initial constructs                                ; Off                ; Off                ;
; Iteration limit for constant Verilog loops                       ; 5000               ; 5000               ;
; Iteration limit for non-constant Verilog loops                   ; 250                ; 250                ;
; Add Pass-Through Logic to Inferred RAMs                          ; On                 ; On                 ;
; Infer RAMs from Raw Logic                                        ; On                 ; On                 ;
; Parallel Synthesis                                               ; On                 ; On                 ;
; DSP Block Balancing                                              ; Auto               ; Auto               ;
; NOT Gate Push-Back                                               ; On                 ; On                 ;
; Power-Up Don't Care                                              ; On                 ; On                 ;
; Remove Redundant Logic Cells                                     ; Off                ; Off                ;
; Remove Duplicate Registers                                       ; On                 ; On                 ;
; Ignore CARRY Buffers                                             ; Off                ; Off                ;
; Ignore CASCADE Buffers                                           ; Off                ; Off                ;
; Ignore GLOBAL Buffers                                            ; Off                ; Off                ;
; Ignore ROW GLOBAL Buffers                                        ; Off                ; Off                ;
; Ignore LCELL Buffers                                             ; Off                ; Off                ;
; Ignore SOFT Buffers                                              ; On                 ; On                 ;
; Limit AHDL Integers to 32 Bits                                   ; Off                ; Off                ;
; Optimization Technique                                           ; Balanced           ; Balanced           ;
; Carry Chain Length                                               ; 70                 ; 70                 ;
; Auto Carry Chains                                                ; On                 ; On                 ;
; Auto Open-Drain Pins                                             ; On                 ; On                 ;
; Perform WYSIWYG Primitive Resynthesis                            ; Off                ; Off                ;
; Auto ROM Replacement                                             ; On                 ; On                 ;
; Auto RAM Replacement                                             ; On                 ; On                 ;
; Auto DSP Block Replacement                                       ; On                 ; On                 ;
; Auto Shift Register Replacement                                  ; Auto               ; Auto               ;
; Allow Shift Register Merging across Hierarchies                  ; Auto               ; Auto               ;
; Auto Clock Enable Replacement                                    ; On                 ; On                 ;
; Strict RAM Replacement                                           ; Off                ; Off                ;
; Allow Synchronous Control Signals                                ; On                 ; On                 ;
; Force Use of Synchronous Clear Signals                           ; Off                ; Off                ;
; Auto RAM Block Balancing                                         ; On                 ; On                 ;
; Auto RAM to Logic Cell Conversion                                ; Off                ; Off                ;
; Auto Resource Sharing                                            ; Off                ; Off                ;
; Allow Any RAM Size For Recognition                               ; Off                ; Off                ;
; Allow Any ROM Size For Recognition                               ; Off                ; Off                ;
; Allow Any Shift Register Size For Recognition                    ; Off                ; Off                ;
; Use LogicLock Constraints during Resource Balancing              ; On                 ; On                 ;
; Ignore translate_off and synthesis_off directives                ; Off                ; Off                ;
; Timing-Driven Synthesis                                          ; On                 ; On                 ;
; Report Parameter Settings                                        ; On                 ; On                 ;
; Report Source Assignments                                        ; On                 ; On                 ;
; Report Connectivity Checks                                       ; On                 ; On                 ;
; Ignore Maximum Fan-Out Assignments                               ; Off                ; Off                ;
; Synchronization Register Chain Length                            ; 2                  ; 2                  ;
; Power Optimization During Synthesis                              ; Normal compilation ; Normal compilation ;
; HDL message level                                                ; Level2             ; Level2             ;
; Suppress Register Optimization Related Messages                  ; Off                ; Off                ;
; Number of Removed Registers Reported in Synthesis Report         ; 5000               ; 5000               ;
; Number of Swept Nodes Reported in Synthesis Report               ; 5000               ; 5000               ;
; Number of Inverted Registers Reported in Synthesis Report        ; 100                ; 100                ;
; Clock MUX Protection                                             ; On                 ; On                 ;
; Auto Gated Clock Conversion                                      ; Off                ; Off                ;
; Block Design Naming                                              ; Auto               ; Auto               ;
; SDC constraint protection                                        ; Off                ; Off                ;
; Synthesis Effort                                                 ; Auto               ; Auto               ;
; Shift Register Replacement - Allow Asynchronous Clear Signal     ; On                 ; On                 ;
; Pre-Mapping Resynthesis Optimization                             ; Off                ; Off                ;
; Analysis & Synthesis Message Level                               ; Medium             ; Medium             ;
; Disable Register Merging Across Hierarchies                      ; Auto               ; Auto               ;
; Resource Aware Inference For Block RAM                           ; On                 ; On                 ;
+------------------------------------------------------------------+--------------------+--------------------+


+------------------------------------------+
; Parallel Compilation                     ;
+----------------------------+-------------+
; Processors                 ; Number      ;
+----------------------------+-------------+
; Number detected on machine ; 12          ;
; Maximum allowed            ; 10          ;
;                            ;             ;
; Average used               ; 1.00        ;
; Maximum used               ; 1           ;
;                            ;             ;
; Usage by Processor         ; % Time Used ;
;     Processor 1            ; 100.0%      ;
+----------------------------+-------------+


+----------------------------------------------------------------------------------------------------------------------------------------------+
; Analysis & Synthesis Source Files Read                                                                                                       ;
+----------------------------------+-----------------+------------------------------+------------------------------------------------+---------+
; File Name with User-Entered Path ; Used in Netlist ; File Type                    ; File Name with Absolute Path                   ; Library ;
+----------------------------------+-----------------+------------------------------+------------------------------------------------+---------+
; ../../hdl/full_adder.v           ; yes             ; User Verilog HDL File        ; C:/EEC 180 Labs/lab2/hdl/full_adder.v          ;         ;
; ../../hdl/multiplier_4x4.v       ; yes             ; User Verilog HDL File        ; C:/EEC 180 Labs/lab2/hdl/multiplier_4x4.v      ;         ;
; ../../hdl/hex_7seg_decoder.v     ; yes             ; User Verilog HDL File        ; C:/EEC 180 Labs/lab2/hdl/hex_7seg_decoder.v    ;         ;
; partii.v                         ; yes             ; Auto-Found Verilog HDL File  ; C:/EEC 180 Labs/lab2/synthesis/partII/partii.v ;         ;
+----------------------------------+-----------------+------------------------------+------------------------------------------------+---------+


+-----------------------------------------------------------+
; Analysis & Synthesis Resource Usage Summary               ;
+---------------------------------------------+-------------+
; Resource                                    ; Usage       ;
+---------------------------------------------+-------------+
; Estimated Total logic elements              ; 60          ;
;                                             ;             ;
; Total combinational functions               ; 60          ;
; Logic element usage by number of LUT inputs ;             ;
;     -- 4 input functions                    ; 47          ;
;     -- 3 input functions                    ; 2           ;
;     -- <=2 input functions                  ; 11          ;
;                                             ;             ;
; Logic elements by mode                      ;             ;
;     -- normal mode                          ; 60          ;
;     -- arithmetic mode                      ; 0           ;
;                                             ;             ;
; Total registers                             ; 0           ;
;     -- Dedicated logic registers            ; 0           ;
;     -- I/O registers                        ; 0           ;
;                                             ;             ;
; I/O pins                                    ; 70          ;
;                                             ;             ;
; Embedded Multiplier 9-bit elements          ; 0           ;
;                                             ;             ;
; Maximum fan-out node                        ; SW[6]~input ;
; Maximum fan-out                             ; 14          ;
; Total fan-out                               ; 314         ;
; Average fan-out                             ; 1.57        ;
+---------------------------------------------+-------------+


+------------------------------------------------------------------------------------------------------------------------------------------------------------------------------------------------------------------------------------------------------------------------+
; Analysis & Synthesis Resource Utilization by Entity                                                                                                                                                                                                                    ;
+------------------------------+---------------------+---------------------------+-------------+------------+--------------+---------+-----------+------+--------------+------------+--------------------------------------------------+------------------+--------------+
; Compilation Hierarchy Node   ; Combinational ALUTs ; Dedicated Logic Registers ; Memory Bits ; UFM Blocks ; DSP Elements ; DSP 9x9 ; DSP 18x18 ; Pins ; Virtual Pins ; ADC blocks ; Full Hierarchy Name                              ; Entity Name      ; Library Name ;
+------------------------------+---------------------+---------------------------+-------------+------------+--------------+---------+-----------+------+--------------+------------+--------------------------------------------------+------------------+--------------+
; |partII                      ; 60 (0)              ; 0 (0)                     ; 0           ; 0          ; 0            ; 0       ; 0         ; 70   ; 0            ; 0          ; |partII                                          ; partII           ; work         ;
;    |hex_7seg_decoder:A|      ; 7 (7)               ; 0 (0)                     ; 0           ; 0          ; 0            ; 0       ; 0         ; 0    ; 0            ; 0          ; |partII|hex_7seg_decoder:A                       ; hex_7seg_decoder ; work         ;
;    |hex_7seg_decoder:B|      ; 7 (7)               ; 0 (0)                     ; 0           ; 0          ; 0            ; 0       ; 0         ; 0    ; 0            ; 0          ; |partII|hex_7seg_decoder:B                       ; hex_7seg_decoder ; work         ;
;    |hex_7seg_decoder:first|  ; 7 (7)               ; 0 (0)                     ; 0           ; 0          ; 0            ; 0       ; 0         ; 0    ; 0            ; 0          ; |partII|hex_7seg_decoder:first                   ; hex_7seg_decoder ; work         ;
;    |hex_7seg_decoder:second| ; 7 (7)               ; 0 (0)                     ; 0           ; 0          ; 0            ; 0       ; 0         ; 0    ; 0            ; 0          ; |partII|hex_7seg_decoder:second                  ; hex_7seg_decoder ; work         ;
;    |multiplier_4x4:comb_3|   ; 32 (11)             ; 0 (0)                     ; 0           ; 0          ; 0            ; 0       ; 0         ; 0    ; 0            ; 0          ; |partII|multiplier_4x4:comb_3                    ; multiplier_4x4   ; work         ;
;       |full_adder:comb_11|   ; 2 (2)               ; 0 (0)                     ; 0           ; 0          ; 0            ; 0       ; 0         ; 0    ; 0            ; 0          ; |partII|multiplier_4x4:comb_3|full_adder:comb_11 ; full_adder       ; work         ;
;       |full_adder:comb_12|   ; 1 (1)               ; 0 (0)                     ; 0           ; 0          ; 0            ; 0       ; 0         ; 0    ; 0            ; 0          ; |partII|multiplier_4x4:comb_3|full_adder:comb_12 ; full_adder       ; work         ;
;       |full_adder:comb_13|   ; 2 (2)               ; 0 (0)                     ; 0           ; 0          ; 0            ; 0       ; 0         ; 0    ; 0            ; 0          ; |partII|multiplier_4x4:comb_3|full_adder:comb_13 ; full_adder       ; work         ;
;       |full_adder:comb_19|   ; 2 (2)               ; 0 (0)                     ; 0           ; 0          ; 0            ; 0       ; 0         ; 0    ; 0            ; 0          ; |partII|multiplier_4x4:comb_3|full_adder:comb_19 ; full_adder       ; work         ;
;       |full_adder:comb_20|   ; 2 (2)               ; 0 (0)                     ; 0           ; 0          ; 0            ; 0       ; 0         ; 0    ; 0            ; 0          ; |partII|multiplier_4x4:comb_3|full_adder:comb_20 ; full_adder       ; work         ;
;       |full_adder:comb_21|   ; 2 (2)               ; 0 (0)                     ; 0           ; 0          ; 0            ; 0       ; 0         ; 0    ; 0            ; 0          ; |partII|multiplier_4x4:comb_3|full_adder:comb_21 ; full_adder       ; work         ;
;       |full_adder:comb_22|   ; 2 (2)               ; 0 (0)                     ; 0           ; 0          ; 0            ; 0       ; 0         ; 0    ; 0            ; 0          ; |partII|multiplier_4x4:comb_3|full_adder:comb_22 ; full_adder       ; work         ;
;       |full_adder:comb_27|   ; 2 (2)               ; 0 (0)                     ; 0           ; 0          ; 0            ; 0       ; 0         ; 0    ; 0            ; 0          ; |partII|multiplier_4x4:comb_3|full_adder:comb_27 ; full_adder       ; work         ;
;       |full_adder:comb_28|   ; 2 (2)               ; 0 (0)                     ; 0           ; 0          ; 0            ; 0       ; 0         ; 0    ; 0            ; 0          ; |partII|multiplier_4x4:comb_3|full_adder:comb_28 ; full_adder       ; work         ;
;       |full_adder:comb_29|   ; 2 (2)               ; 0 (0)                     ; 0           ; 0          ; 0            ; 0       ; 0         ; 0    ; 0            ; 0          ; |partII|multiplier_4x4:comb_3|full_adder:comb_29 ; full_adder       ; work         ;
;       |full_adder:comb_30|   ; 2 (2)               ; 0 (0)                     ; 0           ; 0          ; 0            ; 0       ; 0         ; 0    ; 0            ; 0          ; |partII|multiplier_4x4:comb_3|full_adder:comb_30 ; full_adder       ; work         ;
+------------------------------+---------------------+---------------------------+-------------+------------+--------------+---------+-----------+------+--------------+------------+--------------------------------------------------+------------------+--------------+
Note: For table entries with two numbers listed, the numbers in parentheses indicate the number of resources of the given type used by the specific entity alone. The numbers listed outside of parentheses indicate the total resources of the given type used by the specific entity and all of its sub-entities in the hierarchy.


+------------------------------------------------------+
; General Register Statistics                          ;
+----------------------------------------------+-------+
; Statistic                                    ; Value ;
+----------------------------------------------+-------+
; Total registers                              ; 0     ;
; Number of registers using Synchronous Clear  ; 0     ;
; Number of registers using Synchronous Load   ; 0     ;
; Number of registers using Asynchronous Clear ; 0     ;
; Number of registers using Asynchronous Load  ; 0     ;
; Number of registers using Clock Enable       ; 0     ;
; Number of registers using Preset             ; 0     ;
+----------------------------------------------+-------+


+----------------------------------------------------------------------------------------------------------------------------------------------------------------------------------------------------------------------+
; Port Connectivity Checks: "multiplier_4x4:comb_3|full_adder:comb_27"                                                                                                                                                 ;
+--------------+-------+----------+------------------------------------------------------------------------------------------------------------------------------------------------------------------------------------+
; Port         ; Type  ; Severity ; Details                                                                                                                                                                            ;
+--------------+-------+----------+------------------------------------------------------------------------------------------------------------------------------------------------------------------------------------+
; carry_in     ; Input ; Warning  ; Input port expression (32 bits) is wider than the input port (1 bits) it drives.  The 31 most-significant bit(s) in the expression will be dangling if they have no other fanouts. ;
; carry_in[-1] ; Input ; Info     ; Stuck at GND                                                                                                                                                                       ;
+--------------+-------+----------+------------------------------------------------------------------------------------------------------------------------------------------------------------------------------------+


+----------------------------------------------------------------------------------------------------------------------------------------------------------------------------------------------------------------------+
; Port Connectivity Checks: "multiplier_4x4:comb_3|full_adder:comb_19"                                                                                                                                                 ;
+--------------+-------+----------+------------------------------------------------------------------------------------------------------------------------------------------------------------------------------------+
; Port         ; Type  ; Severity ; Details                                                                                                                                                                            ;
+--------------+-------+----------+------------------------------------------------------------------------------------------------------------------------------------------------------------------------------------+
; carry_in     ; Input ; Warning  ; Input port expression (32 bits) is wider than the input port (1 bits) it drives.  The 31 most-significant bit(s) in the expression will be dangling if they have no other fanouts. ;
; carry_in[-1] ; Input ; Info     ; Stuck at GND                                                                                                                                                                       ;
+--------------+-------+----------+------------------------------------------------------------------------------------------------------------------------------------------------------------------------------------+


+---------------------------------------------------------------------------------------------------------------------------------------------------------------------------------------------------------------+
; Port Connectivity Checks: "multiplier_4x4:comb_3|full_adder:comb_14"                                                                                                                                          ;
+-------+-------+----------+------------------------------------------------------------------------------------------------------------------------------------------------------------------------------------+
; Port  ; Type  ; Severity ; Details                                                                                                                                                                            ;
+-------+-------+----------+------------------------------------------------------------------------------------------------------------------------------------------------------------------------------------+
; a     ; Input ; Warning  ; Input port expression (32 bits) is wider than the input port (1 bits) it drives.  The 31 most-significant bit(s) in the expression will be dangling if they have no other fanouts. ;
; a[-1] ; Input ; Info     ; Stuck at GND                                                                                                                                                                       ;
+-------+-------+----------+------------------------------------------------------------------------------------------------------------------------------------------------------------------------------------+


+----------------------------------------------------------------------------------------------------------------------------------------------------------------------------------------------------------------------+
; Port Connectivity Checks: "multiplier_4x4:comb_3|full_adder:comb_11"                                                                                                                                                 ;
+--------------+-------+----------+------------------------------------------------------------------------------------------------------------------------------------------------------------------------------------+
; Port         ; Type  ; Severity ; Details                                                                                                                                                                            ;
+--------------+-------+----------+------------------------------------------------------------------------------------------------------------------------------------------------------------------------------------+
; carry_in     ; Input ; Warning  ; Input port expression (32 bits) is wider than the input port (1 bits) it drives.  The 31 most-significant bit(s) in the expression will be dangling if they have no other fanouts. ;
; carry_in[-1] ; Input ; Info     ; Stuck at GND                                                                                                                                                                       ;
+--------------+-------+----------+------------------------------------------------------------------------------------------------------------------------------------------------------------------------------------+


+-----------------------------------------------------+
; Post-Synthesis Netlist Statistics for Top Partition ;
+-----------------------+-----------------------------+
; Type                  ; Count                       ;
+-----------------------+-----------------------------+
; boundary_port         ; 70                          ;
; cycloneiii_lcell_comb ; 62                          ;
;     normal            ; 62                          ;
;         0 data inputs ; 2                           ;
;         2 data inputs ; 11                          ;
;         3 data inputs ; 2                           ;
;         4 data inputs ; 47                          ;
;                       ;                             ;
; Max LUT depth         ; 8.00                        ;
; Average LUT depth     ; 5.36                        ;
+-----------------------+-----------------------------+


+-------------------------------+
; Elapsed Time Per Partition    ;
+----------------+--------------+
; Partition Name ; Elapsed Time ;
+----------------+--------------+
; Top            ; 00:00:02     ;
+----------------+--------------+


+-------------------------------+
; Analysis & Synthesis Messages ;
+-------------------------------+
Info: *******************************************************************
Info: Running Quartus Prime Analysis & Synthesis
    Info: Version 19.1.0 Build 670 09/22/2019 SJ Lite Edition
    Info: Processing started: Fri Apr 18 19:58:31 2025
Info: Command: quartus_map --read_settings_files=on --write_settings_files=off partII -c partII
Warning (18236): Number of processors has not been specified which may cause overloading on shared machines.  Set the global assignment NUM_PARALLEL_PROCESSORS in your QSF to an appropriate value for best performance.
Info (20030): Parallel compilation is enabled and will use 10 of the 10 processors detected
Info (12021): Found 2 design units, including 2 entities, in source file /eec 180 labs/lab2/hdl/full_adder.v
    Info (12023): Found entity 1: full_adder File: C:/EEC 180 Labs/lab2/hdl/full_adder.v Line: 1
    Info (12023): Found entity 2: full_adder_test_bench File: C:/EEC 180 Labs/lab2/hdl/full_adder.v Line: 11
Warning (12019): Can't analyze file -- file ../../hdl/4x4_multiplier.v is missing
Info (12021): Found 1 design units, including 1 entities, in source file /eec 180 labs/lab2/hdl/multiplier_4x4.v
    Info (12023): Found entity 1: multiplier_4x4 File: C:/EEC 180 Labs/lab2/hdl/multiplier_4x4.v Line: 1
Warning (12019): Can't analyze file -- file ../../hdl/hex_7seg_decoder.bdf is missing
Info (12021): Found 1 design units, including 1 entities, in source file /eec 180 labs/lab2/hdl/hex_7seg_decoder.v
    Info (12023): Found entity 1: hex_7seg_decoder File: C:/EEC 180 Labs/lab2/hdl/hex_7seg_decoder.v Line: 1
Warning (12019): Can't analyze file -- file ../../hdl/Block2.bdf is missing
Critical Warning (10846): Verilog HDL Instantiation warning at multiplier_4x4.v(27): instance has no name File: C:/EEC 180 Labs/lab2/hdl/multiplier_4x4.v Line: 27
Critical Warning (10846): Verilog HDL Instantiation warning at multiplier_4x4.v(28): instance has no name File: C:/EEC 180 Labs/lab2/hdl/multiplier_4x4.v Line: 28
Critical Warning (10846): Verilog HDL Instantiation warning at multiplier_4x4.v(29): instance has no name File: C:/EEC 180 Labs/lab2/hdl/multiplier_4x4.v Line: 29
Critical Warning (10846): Verilog HDL Instantiation warning at multiplier_4x4.v(30): instance has no name File: C:/EEC 180 Labs/lab2/hdl/multiplier_4x4.v Line: 30
Critical Warning (10846): Verilog HDL Instantiation warning at multiplier_4x4.v(41): instance has no name File: C:/EEC 180 Labs/lab2/hdl/multiplier_4x4.v Line: 41
Critical Warning (10846): Verilog HDL Instantiation warning at multiplier_4x4.v(42): instance has no name File: C:/EEC 180 Labs/lab2/hdl/multiplier_4x4.v Line: 42
Critical Warning (10846): Verilog HDL Instantiation warning at multiplier_4x4.v(43): instance has no name File: C:/EEC 180 Labs/lab2/hdl/multiplier_4x4.v Line: 43
Critical Warning (10846): Verilog HDL Instantiation warning at multiplier_4x4.v(44): instance has no name File: C:/EEC 180 Labs/lab2/hdl/multiplier_4x4.v Line: 44
Critical Warning (10846): Verilog HDL Instantiation warning at multiplier_4x4.v(55): instance has no name File: C:/EEC 180 Labs/lab2/hdl/multiplier_4x4.v Line: 55
Critical Warning (10846): Verilog HDL Instantiation warning at multiplier_4x4.v(56): instance has no name File: C:/EEC 180 Labs/lab2/hdl/multiplier_4x4.v Line: 56
Critical Warning (10846): Verilog HDL Instantiation warning at multiplier_4x4.v(57): instance has no name File: C:/EEC 180 Labs/lab2/hdl/multiplier_4x4.v Line: 57
Critical Warning (10846): Verilog HDL Instantiation warning at multiplier_4x4.v(58): instance has no name File: C:/EEC 180 Labs/lab2/hdl/multiplier_4x4.v Line: 58
Warning (12125): Using design file partii.v, which is not specified as a design file for the current project, but contains definitions for 1 design units and 1 entities in project
    Info (12023): Found entity 1: partII File: C:/EEC 180 Labs/lab2/synthesis/partII/partii.v Line: 6
Critical Warning (10846): Verilog HDL Instantiation warning at partii.v(44): instance has no name File: C:/EEC 180 Labs/lab2/synthesis/partII/partii.v Line: 44
Info (12127): Elaborating entity "partII" for the top level hierarchy
Warning (10034): Output port "LEDR" at partii.v(20) has no driver File: C:/EEC 180 Labs/lab2/synthesis/partII/partii.v Line: 20
Info (12128): Elaborating entity "multiplier_4x4" for hierarchy "multiplier_4x4:comb_3" File: C:/EEC 180 Labs/lab2/synthesis/partII/partii.v Line: 44
Info (12128): Elaborating entity "full_adder" for hierarchy "multiplier_4x4:comb_3|full_adder:comb_11" File: C:/EEC 180 Labs/lab2/hdl/multiplier_4x4.v Line: 27
Info (12128): Elaborating entity "hex_7seg_decoder" for hierarchy "hex_7seg_decoder:A" File: C:/EEC 180 Labs/lab2/synthesis/partII/partii.v Line: 50
Warning (12241): 4 hierarchies have connectivity warnings - see the Connectivity Checks report folder
Warning (13024): Output pins are stuck at VCC or GND
    Warning (13410): Pin "HEX0[7]" is stuck at VCC File: C:/EEC 180 Labs/lab2/synthesis/partII/partii.v Line: 9
    Warning (13410): Pin "HEX1[7]" is stuck at VCC File: C:/EEC 180 Labs/lab2/synthesis/partII/partii.v Line: 10
    Warning (13410): Pin "HEX2[7]" is stuck at VCC File: C:/EEC 180 Labs/lab2/synthesis/partII/partii.v Line: 11
    Warning (13410): Pin "HEX3[7]" is stuck at VCC File: C:/EEC 180 Labs/lab2/synthesis/partII/partii.v Line: 12
    Warning (13410): Pin "HEX4[0]" is stuck at VCC File: C:/EEC 180 Labs/lab2/synthesis/partII/partii.v Line: 13
    Warning (13410): Pin "HEX4[1]" is stuck at VCC File: C:/EEC 180 Labs/lab2/synthesis/partII/partii.v Line: 13
    Warning (13410): Pin "HEX4[2]" is stuck at VCC File: C:/EEC 180 Labs/lab2/synthesis/partII/partii.v Line: 13
    Warning (13410): Pin "HEX4[3]" is stuck at VCC File: C:/EEC 180 Labs/lab2/synthesis/partII/partii.v Line: 13
    Warning (13410): Pin "HEX4[4]" is stuck at VCC File: C:/EEC 180 Labs/lab2/synthesis/partII/partii.v Line: 13
    Warning (13410): Pin "HEX4[5]" is stuck at VCC File: C:/EEC 180 Labs/lab2/synthesis/partII/partii.v Line: 13
    Warning (13410): Pin "HEX4[6]" is stuck at VCC File: C:/EEC 180 Labs/lab2/synthesis/partII/partii.v Line: 13
    Warning (13410): Pin "HEX4[7]" is stuck at VCC File: C:/EEC 180 Labs/lab2/synthesis/partII/partii.v Line: 13
    Warning (13410): Pin "HEX5[0]" is stuck at VCC File: C:/EEC 180 Labs/lab2/synthesis/partII/partii.v Line: 14
    Warning (13410): Pin "HEX5[1]" is stuck at VCC File: C:/EEC 180 Labs/lab2/synthesis/partII/partii.v Line: 14
    Warning (13410): Pin "HEX5[2]" is stuck at VCC File: C:/EEC 180 Labs/lab2/synthesis/partII/partii.v Line: 14
    Warning (13410): Pin "HEX5[3]" is stuck at VCC File: C:/EEC 180 Labs/lab2/synthesis/partII/partii.v Line: 14
    Warning (13410): Pin "HEX5[4]" is stuck at VCC File: C:/EEC 180 Labs/lab2/synthesis/partII/partii.v Line: 14
    Warning (13410): Pin "HEX5[5]" is stuck at VCC File: C:/EEC 180 Labs/lab2/synthesis/partII/partii.v Line: 14
    Warning (13410): Pin "HEX5[6]" is stuck at VCC File: C:/EEC 180 Labs/lab2/synthesis/partII/partii.v Line: 14
    Warning (13410): Pin "HEX5[7]" is stuck at VCC File: C:/EEC 180 Labs/lab2/synthesis/partII/partii.v Line: 14
    Warning (13410): Pin "LEDR[0]" is stuck at GND File: C:/EEC 180 Labs/lab2/synthesis/partII/partii.v Line: 20
    Warning (13410): Pin "LEDR[1]" is stuck at GND File: C:/EEC 180 Labs/lab2/synthesis/partII/partii.v Line: 20
    Warning (13410): Pin "LEDR[2]" is stuck at GND File: C:/EEC 180 Labs/lab2/synthesis/partII/partii.v Line: 20
    Warning (13410): Pin "LEDR[3]" is stuck at GND File: C:/EEC 180 Labs/lab2/synthesis/partII/partii.v Line: 20
    Warning (13410): Pin "LEDR[4]" is stuck at GND File: C:/EEC 180 Labs/lab2/synthesis/partII/partii.v Line: 20
    Warning (13410): Pin "LEDR[5]" is stuck at GND File: C:/EEC 180 Labs/lab2/synthesis/partII/partii.v Line: 20
    Warning (13410): Pin "LEDR[6]" is stuck at GND File: C:/EEC 180 Labs/lab2/synthesis/partII/partii.v Line: 20
    Warning (13410): Pin "LEDR[7]" is stuck at GND File: C:/EEC 180 Labs/lab2/synthesis/partII/partii.v Line: 20
    Warning (13410): Pin "LEDR[8]" is stuck at GND File: C:/EEC 180 Labs/lab2/synthesis/partII/partii.v Line: 20
    Warning (13410): Pin "LEDR[9]" is stuck at GND File: C:/EEC 180 Labs/lab2/synthesis/partII/partii.v Line: 20
Info (286030): Timing-Driven Synthesis is running
Info (16010): Generating hard_block partition "hard_block:auto_generated_inst"
    Info (16011): Adding 0 node(s), including 0 DDIO, 0 PLL, 0 transceiver and 0 LCELL
Warning (21074): Design contains 4 input pin(s) that do not drive logic
    Warning (15610): No output dependent on input pin "KEY[0]" File: C:/EEC 180 Labs/lab2/synthesis/partII/partii.v Line: 17
    Warning (15610): No output dependent on input pin "KEY[1]" File: C:/EEC 180 Labs/lab2/synthesis/partII/partii.v Line: 17
    Warning (15610): No output dependent on input pin "SW[8]" File: C:/EEC 180 Labs/lab2/synthesis/partII/partii.v Line: 24
    Warning (15610): No output dependent on input pin "SW[9]" File: C:/EEC 180 Labs/lab2/synthesis/partII/partii.v Line: 24
Info (21057): Implemented 130 device resources after synthesis - the final resource count might be different
    Info (21058): Implemented 12 input pins
    Info (21059): Implemented 58 output pins
    Info (21061): Implemented 60 logic cells
Info: Quartus Prime Analysis & Synthesis was successful. 0 errors, 56 warnings
    Info: Peak virtual memory: 4779 megabytes
    Info: Processing ended: Fri Apr 18 19:58:56 2025
    Info: Elapsed time: 00:00:25
    Info: Total CPU time (on all processors): 00:00:47


